objc[2022]: Class VCWeakObjectHolder is implemented in both /Applications/Xcode.app/Contents/Developer/Platforms/iPhoneSimulator.platform/Developer/SDKs/iPhoneSimulator.sdk/System/Library/PrivateFrameworks/GameKitServices.framework/Frameworks/ViceroyTrace.framework/ViceroyTrace (0x143252e8) and /Applications/Xcode.app/Contents/Developer/Platforms/iPhoneSimulator.platform/Developer/SDKs/iPhoneSimulator.sdk/System/Library/PrivateFrameworks/GameKitServices.framework/Frameworks/AVConference.framework/AVConference (0x1426554c). One of the two will be used. Which one is undefined.
objc[2022]: Class PLBuildVersion is implemented in both /Applications/Xcode.app/Contents/Developer/Platforms/iPhoneSimulator.platform/Developer/SDKs/iPhoneSimulator.sdk/System/Library/PrivateFrameworks/AssetsLibraryServices.framework/AssetsLibraryServices (0x1632b618) and /Applications/Xcode.app/Contents/Developer/Platforms/iPhoneSimulator.platform/Developer/SDKs/iPhoneSimulator.sdk/System/Library/PrivateFrameworks/PhotoLibraryServices.framework/PhotoLibraryServices (0x15d2c764). One of the two will be used. Which one is undefined.
2017-05-01 13:41:27.290 LoginBestPractice.iOS[2022:109983] Xamarin.iOS: Socket error while connecting to IDE on 127.0.0.1:10000: Connection refused
2017-05-01 13:41:30.873 LoginBestPractice.iOS[2022:110045] WARNING: An HttpWebRequest was added to the ConnectionGroup queue because the connection limit was reached.
2017-05-01 13:41:46.983 LoginBestPractice.iOS[2022:109973] -[FormulierenViewController button_TouchUpInside:]: unrecognized selector sent to instance 0x7b5e6fb0
2017-05-01 13:41:47.001 LoginBestPractice.iOS[2022:109973] 
Unhandled Exception:
Foundation.MonoTouchException: Objective-C exception thrown.  Name: NSInvalidArgumentException Reason: -[FormulierenViewController button_TouchUpInside:]: unrecognized selector sent to instance 0x7b5e6fb0
Native stack trace:
	0   CoreFoundation                      0x00a72ded __exceptionPreprocess + 189
	1   libobjc.A.dylib                     0x0adf7d6f objc_exception_throw + 49
	2   CoreFoundation                      0x00ae45b8 -[NSObject(NSObject) doesNotRecognizeSelector:] + 136
	3   CoreFoundation                      0x009f8a8d ___forwarding___ + 941
	4   CoreFoundation                      0x009f86be _CF_forwarding_prep_0 + 14
	5   libobjc.A.dylib                     0x0ae0d220 -[NSObject performSelector:withObject:withObject:] + 63
	6   UIKit                               0x0406fd90 -[UIApplication sendAction:to:from:forEvent:] + 91
	7   UIKit                               0x0406fd2a -[UIApplication sendAction:toTarget:fromSender:forEvent:] + 41
	8   UIKit                               0x04217d0b -[UIControl sendAction:to:forEvent:] + 64
	9   UIKit                               0x04218075 -[UIControl _sendActionsForEvents:withEvent:] + 469
	10  UIKit                               0x04216fab -[UIControl touchesEnded:withEvent:] + 666
	11  UIKit                               0x040e62ca -[UIWindow _sendTouchesForEvent:] + 3066
	12  UIKit                               0x040e7b8e -[UIWindow sendEvent:] + 4445
	13  UIKit                               0x0408dfe0 -[UIApplication sendEvent:] + 363
	14  UIKit                               0x0490a16f __dispatchPreprocessedEventFromEventQueue + 2973
	15  UIKit                               0x0490163f __handleEventQueue + 1255
	16  UIKit                               0x04902ba3 __handleHIDEventFetcherDrain + 66
	17  CoreFoundation                      0x00a17a5f __CFRUNLOOP_IS_CALLING_OUT_TO_A_SOURCE0_PERFORM_FUNCTION__ + 15
	18  CoreFoundation                      0x009fd1c4 __CFRunLoopDoSources0 + 500
	19  CoreFoundation                      0x009fc69c __CFRunLoopRun + 1084
	20  CoreFoundation                      0x009fbfd4 CFRunLoopRunSpecific + 372
	21  CoreFoundation                      0x009fbe4b CFRunLoopRunInMode + 123
	22  GraphicsServices                    0x0d7baa7a GSEventRunModal + 71
	23  GraphicsServices                    0x0d7ba95f GSEventRun + 80
	24  UIKit                               0x0406dcb9 UIApplicationMain + 148
	25  ???                                 0x1e7e4598 0x0 + 511591832
	26  ???                                 0x1e7e44a4 0x0 + 511591588
	27  ???                                 0x1e7e3190 0x0 + 511586704
	28  ???                                 0x1e7e302c 0x0 + 511586348
	29  ???                                 0x1e7e30e1 0x0 + 511586529
	30  LoginBestPractice.iOS               0x002566a8 mono_jit_runtime_invoke + 744
	31  LoginBestPractice.iOS               0x00320086 do_runtime_invoke + 86
	32  LoginBestPractice.iOS               0x00323296 do_exec_main_checked + 150
	33  LoginBestPractice.iOS               0x00322369 mono_runtime_run_main_checked + 73
	34  LoginBestPractice.iOS               0x001d4a7a mono_jit_exec + 314
	35  LoginBestPractice.iOS               0x004087cf xamarin_main + 3439
	36  LoginBestPractice.iOS               0x00409e31 main + 65
	37  libdyld.dylib                       0x0b357779 start + 1

  at ObjCRuntime.Runtime.ThrowNSException (System.IntPtr ns_exception) [0x00000] in /Users/builder/data/lanes/4466/a04678c2/source/xamarin-macios/src/ObjCRuntime/Runtime.cs:311 
  at ObjCRuntime.Runtime.throw_ns_exception (System.IntPtr exc) [0x00000] in /Users/builder/data/lanes/4466/a04678c2/source/xamarin-macios/runtime/Delegates.generated.cs:126 
  at (wrapper native-to-managed) ObjCRuntime.Runtime:throw_ns_exception (intptr)
--- End of stack trace from previous location where exception was thrown ---
  at (wrapper managed-to-native) UIKit.UIApplication:UIApplicationMain (int,string[],intptr,intptr)
  at UIKit.UIApplication.Main (System.String[] args, System.IntPtr principal, System.IntPtr delegate) [0x00005] in /Users/builder/data/lanes/4466/a04678c2/source/xamarin-macios/src/UIKit/UIApplication.cs:79 
  at UIKit.UIApplication.Main (System.String[] args, System.String principalClassName, System.String delegateClassName) [0x00038] in /Users/builder/data/lanes/4466/a04678c2/source/xamarin-macios/src/UIKit/UIApplication.cs:63 
  at LoginBestPractice.iOS.Application.Main (System.String[] args) [0x00008] in /Users/deroo/Downloads/DeRooIOS-master/LoginBestPractice.iOS/Main.cs:17 	0   CoreFoundation                      0x00a72ded __exceptionPreprocess + 189
	1   libobjc.A.dylib                     0x0adf7d6f objc_exception_throw + 49
	2   CoreFoundation                      0x00ae45b8 -[NSObject(NSObject) doesNotRecognizeSelector:] + 136
	3   CoreFoundation                      0x009f8a8d ___forwarding___ + 941
	4   CoreFoundation                      0x009f86be _CF_forwarding_prep_0 + 14
	5   libobjc.A.dylib                     0x0ae0d220 -[NSObject performSelector:withObject:withObject:] + 63
	6   UIKit                               0x0406fd90 -[UIApplication sendAction:to:from:forEvent:] + 91
	7   UIKit                               0x0406fd2a -[UIApplication sendAction:toTarget:fromSender:forEvent:] + 41
	8   UIKit                               0x04217d0b -[UIControl sendAction:to:forEvent:] + 64
	9   UIKit                               0x04218075 -[UIControl _sendActionsForEvents:withEvent:] + 469
	10  UIKit                               0x04216fab -[UIControl touchesEnded:withEvent:] + 666
	11  UIKit                               0x040e62ca -[UIWindow _sendTouchesForEvent:] + 3066
	12  UIKit                               0x040e7b8e -[UIWindow sendEvent:] + 4445
	13  UIKit                               0x0408dfe0 -[UIApplication sendEvent:] + 363
	14  UIKit                               0x0490a16f __dispatchPreprocessedEventFromEventQueue + 2973
	15  UIKit                               0x0490163f __handleEventQueue + 1255
	16  UIKit                               0x04902ba3 __handleHIDEventFetcherDrain + 66
	17  CoreFoundation                      0x00a17a5f __CFRUNLOOP_IS_CALLING_OUT_TO_A_SOURCE0_PERFORM_FUNCTION__ + 15
	18  CoreFoundation                      0x009fd1c4 __CFRunLoopDoSources0 + 500
	19  CoreFoundation                      0x009fc69c __CFRunLoopRun + 1084
	20  CoreFoundation                      0x009fbfd4 CFRunLoopRunSpecific + 372
	21  CoreFoundation                      0x009fbe4b CFRunLoopRunInMode + 123
	22  GraphicsServices                    0x0d7baa7a GSEventRunModal + 71
	23  GraphicsServices                    0x0d7ba95f GSEventRun + 80
	24  UIKit                               0x0406dcb9 UIApplicationMain + 148
	25  ???                                 0x1e7e4598 0x0 + 511591832
	26  ???                                 0x1e7e44a4 0x0 + 511591588
	27  ???                                 0x1e7e3190 0x0 + 511586704
	28  ???                                 0x1e7e302c 0x0 + 511586348
	29  ???                                 0x1e7e30e1 0x0 + 511586529
	30  LoginBestPractice.iOS               0x002566a8 mono_jit_runtime_invoke + 744
	31  LoginBestPractice.iOS               0x00320086 do_runtime_invoke + 86
	32  LoginBestPractice.iOS               0x00323296 do_exec_main_checked + 150
	33  LoginBestPractice.iOS               0x00322369 mono_runtime_run_main_checked + 73
	34  LoginBestPractice.iOS               0x001d4a7a mono_jit_exec + 314
	35  LoginBestPractice.iOS               0x004087cf xamarin_main + 3439
	36  LoginBestPractice.iOS               0x00409e31 main + 65
	37  libdyld.dylib                       0x0b357779 start + 1

2017-05-01 13:41:47.002 LoginBestPractice.iOS[2022:109973] Unhandled managed exception:
Objective-C exception thrown.  Name: NSInvalidArgumentException Reason: -[FormulierenViewController button_TouchUpInside:]: unrecognized selector sent to instance 0x7b5e6fb0
Native stack trace:
	0   CoreFoundation                      0x00a72ded __exceptionPreprocess + 189
	1   libobjc.A.dylib                     0x0adf7d6f objc_exception_throw + 49
	2   CoreFoundation                      0x00ae45b8 -[NSObject(NSObject) doesNotRecognizeSelector:] + 136
	3   CoreFoundation                      0x009f8a8d ___forwarding___ + 941
	4   CoreFoundation                      0x009f86be _CF_forwarding_prep_0 + 14
	5   libobjc.A.dylib                     0x0ae0d220 -[NSObject performSelector:withObject:withObject:] + 63
	6   UIKit                               0x0406fd90 -[UIApplication sendAction:to:from:forEvent:] + 91
	7   UIKit                               0x0406fd2a -[UIApplication sendAction:toTarget:fromSender:forEvent:] + 41
	8   UIKit                               0x04217d0b -[UIControl sendAction:to:forEvent:] + 64
	9   UIKit                               0x04218075 -[UIControl _sendActionsForEvents:withEvent:] + 469
	10  UIKit                               0x04216fab -[UIControl touchesEnded:withEvent:] + 666
	11  UIKit                               0x040e62ca -[UIWindow _sendTouchesForEvent:] + 3066
	12  UIKit                               0x040e7b8e -[UIWindow sendEvent:] + 4445
	13  UIKit                               0x0408dfe0 -[UIApplication sendEvent:] + 363
	14  UIKit                               0x0490a16f __dispatchPreprocessedEventFromEventQueue + 2973
	15  UIKit                               0x0490163f __handleEventQueue + 1255
	16  UIKit                               0x04902ba3 __handleHIDEventFetcherDrain + 66
	17  CoreFoundation                      0x00a17a5f __CFRUNLOOP_IS_CALLING_OUT_TO_A_SOURCE0_PERFORM_FUNCTION__ + 15
	18  CoreFoundation                      0x009fd1c4 __CFRunLoopDoSources0 + 500
	19  CoreFoundation                      0x009fc69c __CFRunLoopRun + 1084
	20  CoreFoundation                      0x009fbfd4 CFRunLoopRunSpecific + 372
	21  CoreFoundation                      0x009fbe4b CFRunLoopRunInMode + 123
	22  GraphicsServices                    0x0d7baa7a GSEventRunModal + 71
	23  GraphicsServices                    0x0d7ba95f GSEventRun + 80
	24  UIKit                               0x0406dcb9 UIApplicationMain + 148
	25  ???                                 0x1e7e4598 0x0 + 511591832
	26  ???                                 0x1e7e44a4 0x0 + 511591588
	27  ???                                 0x1e7e3190 0x0 + 511586704
	28  ???                                 0x1e7e302c 0x0 + 511586348
	29  ???                                 0x1e7e30e1 0x0 + 511586529
	30  LoginBestPractice.iOS               0x002566a8 mono_jit_runtime_invoke + 744
	31  LoginBestPractice.iOS               0x00320086 do_runtime_invoke + 86
	32  LoginBestPractice.iOS               0x00323296 do_exec_main_checked + 150
	33  LoginBestPractice.iOS               0x00322369 mono_runtime_run_main_checked + 73
	34  LoginBestPractice.iOS               0x001d4a7a mono_jit_exec + 314
	35  LoginBestPractice.iOS               0x004087cf xamarin_main + 3439
	36  LoginBestPractice.iOS               0x00409e31 main + 65
	37  libdyld.dylib                       0x0b357779 start + 1
 (Foundation.MonoTouchException)
  at ObjCRuntime.Runtime.ThrowNSException (System.IntPtr ns_exception) [0x00000] in /Users/builder/data/lanes/4466/a04678c2/source/xamarin-macios/src/ObjCRuntime/Runtime.cs:311 
  at ObjCRuntime.Runtime.throw_ns_exception (System.IntPtr exc) [0x00000] in /Users/builder/data/lanes/4466/a04678c2/source/xamarin-macios/runtime/Delegates.generated.cs:126 
  at (wrapper native-to-managed) ObjCRuntime.Runtime:throw_ns_exception (intptr)
--- End of stack trace from previous location where exception was thrown ---
  at (wrapper managed-to-native) UIKit.UIApplication:UIApplicationMain (int,string[],intptr,intptr)
  at UIKit.UIApplication.Main (System.String[] args, System.IntPtr principal, System.IntPtr delegate) [0x00005] in /Users/builder/data/lanes/4466/a04678c2/source/xamarin-macios/src/UIKit/UIApplication.cs:79 
  at UIKit.UIApplication.Main (System.String[] args, System.String principalClassName, System.String delegateClassName) [0x00038] in /Users/builder/data/lanes/4466/a04678c2/source/xamarin-macios/src/UIKit/UIApplication.cs:63 
  at LoginBestPractice.iOS.Application.Main (System.String[] args) [0x00008] in /Users/deroo/Downloads/DeRooIOS-master/LoginBestPractice.iOS/Main.cs:17 
2017-05-01 13:41:47.002 LoginBestPractice.iOS[2022:109973] critical: Stacktrace:

2017-05-01 13:41:47.002 LoginBestPractice.iOS[2022:109973] critical: 
Native stacktrace:

2017-05-01 13:41:47.004 LoginBestPractice.iOS[2022:109973] critical: 	0   LoginBestPractice.iOS               0x002460c4 mono_handle_native_sigsegv + 292
2017-05-01 13:41:47.004 LoginBestPractice.iOS[2022:109973] critical: 	1   LoginBestPractice.iOS               0x0024f795 sigabrt_signal_handler + 149
2017-05-01 13:41:47.004 LoginBestPractice.iOS[2022:109973] critical: 	2   libsystem_platform.dylib            0x0b742e5b _sigtramp + 43
2017-05-01 13:41:47.004 LoginBestPractice.iOS[2022:109973] critical: 	3   ???                                 0xffffffff 0x0 + 4294967295
2017-05-01 13:41:47.004 LoginBestPractice.iOS[2022:109973] critical: 	4   libsystem_c.dylib                   0x0b3fbcd4 abort + 133
2017-05-01 13:41:47.004 LoginBestPractice.iOS[2022:109973] critical: 	5   LoginBestPractice.iOS               0x003faab0 xamarin_printf + 0
2017-05-01 13:41:47.005 LoginBestPractice.iOS[2022:109973] critical: 	6   LoginBestPractice.iOS               0x002bd33b mono_invoke_unhandled_exception_hook + 139
2017-05-01 13:41:47.005 LoginBestPractice.iOS[2022:109973] critical: 	7   LoginBestPractice.iOS               0x00245ba9 mono_handle_exception_internal + 4425
2017-05-01 13:41:47.005 LoginBestPractice.iOS[2022:109973] critical: 	8   LoginBestPractice.iOS               0x00244a59 mono_handle_exception + 41
2017-05-01 13:41:47.005 LoginBestPractice.iOS[2022:109973] critical: 	9   LoginBestPractice.iOS               0x001dd11c mono_x86_throw_exception + 220
2017-05-01 13:41:47.005 LoginBestPractice.iOS[2022:109973] critical: 	10  ???                                 0x1e622b57 0x0 + 509750103
2017-05-01 13:41:47.005 LoginBestPractice.iOS[2022:109973] critical: 	11  LoginBestPractice.iOS               0x003fa5cf xamarin_process_managed_exception_gchandle + 63
2017-05-01 13:41:47.005 LoginBestPractice.iOS[2022:109973] critical: 	12  LoginBestPractice.iOS               0x003fa587 xamarin_ftnptr_exception_handler + 23
2017-05-01 13:41:47.005 LoginBestPractice.iOS[2022:109973] critical: 	13  ???                                 0x1e7c0634 0x0 + 511444532
2017-05-01 13:41:47.005 LoginBestPractice.iOS[2022:109973] critical: 	14  LoginBestPractice.iOS               0x003f89c0 xamarin_throw_ns_exception + 32
2017-05-01 13:41:47.006 LoginBestPractice.iOS[2022:109973] critical: 	15  LoginBestPractice.iOS               0x003fb1a8 _ZL17exception_handlerP11NSException + 232
2017-05-01 13:41:47.006 LoginBestPractice.iOS[2022:109973] critical: 	16  CoreFoundation                      0x00addabc __handleUncaughtException + 700
2017-05-01 13:41:47.006 LoginBestPractice.iOS[2022:109973] critical: 	17  libobjc.A.dylib                     0x0adf7ff1 _ZL15_objc_terminatev + 100
2017-05-01 13:41:47.006 LoginBestPractice.iOS[2022:109973] critical: 	18  libc++abi.dylib                     0x0b68a717 _ZSt11__terminatePFvvE + 14
2017-05-01 13:41:47.006 LoginBestPractice.iOS[2022:109973] critical: 	19  libc++abi.dylib                     0x0b68a367 __cxa_rethrow + 103
2017-05-01 13:41:47.006 LoginBestPractice.iOS[2022:109973] critical: 	20  libobjc.A.dylib                     0x0adf7ef7 objc_exception_rethrow + 47
2017-05-01 13:41:47.006 LoginBestPractice.iOS[2022:109973] critical: 	21  CoreFoundation                      0x009fc05f CFRunLoopRunSpecific + 511
2017-05-01 13:41:47.006 LoginBestPractice.iOS[2022:109973] critical: 	22  CoreFoundation                      0x009fbe4b CFRunLoopRunInMode + 123
2017-05-01 13:41:47.006 LoginBestPractice.iOS[2022:109973] critical: 	23  GraphicsServices                    0x0d7baa7a GSEventRunModal + 71
2017-05-01 13:41:47.006 LoginBestPractice.iOS[2022:109973] critical: 	24  GraphicsServices                    0x0d7ba95f GSEventRun + 80
2017-05-01 13:41:47.007 LoginBestPractice.iOS[2022:109973] critical: 	25  UIKit                               0x0406dcb9 UIApplicationMain + 148
2017-05-01 13:41:47.007 LoginBestPractice.iOS[2022:109973] critical: 	26  ???                                 0x1e7e4598 0x0 + 511591832
2017-05-01 13:41:47.007 LoginBestPractice.iOS[2022:109973] critical: 	27  ???                                 0x1e7e44a4 0x0 + 511591588
2017-05-01 13:41:47.007 LoginBestPractice.iOS[2022:109973] critical: 	28  ???                                 0x1e7e3190 0x0 + 511586704
2017-05-01 13:41:47.007 LoginBestPractice.iOS[2022:109973] critical: 	29  ???                                 0x1e7e302c 0x0 + 511586348
2017-05-01 13:41:47.007 LoginBestPractice.iOS[2022:109973] critical: 	30  ???                                 0x1e7e30e1 0x0 + 511586529
2017-05-01 13:41:47.007 LoginBestPractice.iOS[2022:109973] critical: 	31  LoginBestPractice.iOS               0x002566a8 mono_jit_runtime_invoke + 744
2017-05-01 13:41:47.007 LoginBestPractice.iOS[2022:109973] critical: 	32  LoginBestPractice.iOS               0x00320086 do_runtime_invoke + 86
2017-05-01 13:41:47.007 LoginBestPractice.iOS[2022:109973] critical: 	33  LoginBestPractice.iOS               0x00323296 do_exec_main_checked + 150
2017-05-01 13:41:47.007 LoginBestPractice.iOS[2022:109973] critical: 	34  LoginBestPractice.iOS               0x00322369 mono_runtime_run_main_checked + 73
2017-05-01 13:41:47.008 LoginBestPractice.iOS[2022:109973] critical: 	35  LoginBestPractice.iOS               0x001d4a7a mono_jit_exec + 314
2017-05-01 13:41:47.008 LoginBestPractice.iOS[2022:109973] critical: 	36  LoginBestPractice.iOS               0x004087cf xamarin_main + 3439
2017-05-01 13:41:47.008 LoginBestPractice.iOS[2022:109973] critical: 	37  LoginBestPractice.iOS               0x00409e31 main + 65
2017-05-01 13:41:47.008 LoginBestPractice.iOS[2022:109973] critical: 	38  libdyld.dylib                       0x0b357779 start + 1
2017-05-01 13:41:47.008 LoginBestPractice.iOS[2022:109973] critical: 
=================================================================
Got a SIGABRT while executing native code. This usually indicates
a fatal error in the mono runtime or one of the native libraries 
used by your application.
=================================================================

